<?xml version='1.0' encoding='UTF-8'?>
<testsuite hostname="rgnt1-11-72-dhcp.int.colorado.edu" name="edu.colorado.csci3155.project1.CompilerTest" tests="4" errors="0" failures="0" skipped="0" time="0.047" timestamp="2020-03-03T10:31:06">
                     <properties>
[...]
</properties>
                     <testcase classname="edu.colorado.csci3155.project1.CompilerTest" name="simple expression 1" time="0.01">
                                                 
                                               </testcase><testcase classname="edu.colorado.csci3155.project1.CompilerTest" name="simple expression 2" time="0.004">
                                                 
                                               </testcase><testcase classname="edu.colorado.csci3155.project1.CompilerTest" name="simple expression 3" time="0.027">
                                                 
                                               </testcase><testcase classname="edu.colorado.csci3155.project1.CompilerTest" name="simple expression 4" time="0.006">
                                                 
                                               </testcase>
                     <system-out><![CDATA[]]></system-out>
                     <system-err><![CDATA[]]></system-err>
                   </testsuite>